<?xml version="1.0" encoding="UTF-8"?>
<testng-results skipped="0" failed="0" ignored="0" total="5" passed="5">
  <reporter-output>
  </reporter-output>
  <suite name="ParallelTests" duration-ms="172697" started-at="2020-01-18T19:26:38Z" finished-at="2020-01-18T19:29:30Z">
    <groups>
    </groups>
    <test name="Test1" duration-ms="62680" started-at="2020-01-18T19:26:38Z" finished-at="2020-01-18T19:27:40Z">
      <class name="Tests2">
        <test-method status="PASS" signature="FutureTest(java.lang.String)[pri:0, instance:Tests2@5e853265]" name="FutureTest" duration-ms="29120" started-at="2020-01-18T19:26:38Z" finished-at="2020-01-18T19:27:07Z">
          <params>
            <param index="0">
              <value>
                <![CDATA[chrome]]>
              </value>
            </param>
          </params>
          <reporter-output>
          </reporter-output>
        </test-method> <!-- FutureTest -->
        <test-method status="PASS" signature="LoginTest(java.lang.String)[pri:0, instance:Tests2@5e853265]" name="LoginTest" duration-ms="33517" started-at="2020-01-18T19:27:07Z" finished-at="2020-01-18T19:27:40Z">
          <params>
            <param index="0">
              <value>
                <![CDATA[chrome]]>
              </value>
            </param>
          </params>
          <reporter-output>
          </reporter-output>
        </test-method> <!-- LoginTest -->
      </class> <!-- Tests2 -->
    </test> <!-- Test1 -->
    <test name="Test2" duration-ms="69575" started-at="2020-01-18T19:27:40Z" finished-at="2020-01-18T19:28:50Z">
      <class name="Tests">
        <test-method status="PASS" signature="BuyingTickets()[pri:0, instance:Tests@3b088d51]" name="BuyingTickets" duration-ms="39454" started-at="2020-01-18T19:27:40Z" finished-at="2020-01-18T19:28:20Z">
          <reporter-output>
          </reporter-output>
        </test-method> <!-- BuyingTickets -->
        <test-method status="PASS" signature="MclarenTest()[pri:0, instance:Tests@3b088d51]" name="MclarenTest" duration-ms="30116" started-at="2020-01-18T19:28:20Z" finished-at="2020-01-18T19:28:50Z">
          <reporter-output>
          </reporter-output>
        </test-method> <!-- MclarenTest -->
      </class> <!-- Tests -->
    </test> <!-- Test2 -->
    <test name="Test3" duration-ms="40333" started-at="2020-01-18T19:28:50Z" finished-at="2020-01-18T19:29:30Z">
      <class name="TestGrid">
        <test-method status="PASS" signature="Test()[pri:0, instance:TestGrid@2833cc44]" name="Test" duration-ms="40330" started-at="2020-01-18T19:28:50Z" finished-at="2020-01-18T19:29:30Z">
          <reporter-output>
          </reporter-output>
        </test-method> <!-- Test -->
      </class> <!-- TestGrid -->
    </test> <!-- Test3 -->
  </suite> <!-- ParallelTests -->
</testng-results>
