<?xml version="1.0" encoding="UTF-8"?>
<testng-results skipped="0" failed="0" ignored="0" total="5" passed="5">
  <reporter-output>
  </reporter-output>
  <suite name="Tests" duration-ms="119086" started-at="2020-01-20T18:52:51Z" finished-at="2020-01-20T18:54:50Z">
    <groups>
    </groups>
    <test name="Test1" duration-ms="29221" started-at="2020-01-20T18:52:51Z" finished-at="2020-01-20T18:53:20Z">
      <class name="TestGrid">
        <test-method status="PASS" signature="Test()[pri:0, instance:TestGrid@5e853265]" name="Test" duration-ms="29189" started-at="2020-01-20T18:52:51Z" finished-at="2020-01-20T18:53:20Z">
          <reporter-output>
          </reporter-output>
        </test-method> <!-- Test -->
      </class> <!-- TestGrid -->
    </test> <!-- Test1 -->
    <test name="Test2" duration-ms="40496" started-at="2020-01-20T18:53:20Z" finished-at="2020-01-20T18:54:01Z">
      <class name="Tests2">
        <test-method status="PASS" signature="FutureTest(java.lang.String)[pri:0, instance:Tests2@4d41cee]" name="FutureTest" duration-ms="19778" started-at="2020-01-20T18:53:20Z" finished-at="2020-01-20T18:53:40Z">
          <params>
            <param index="0">
              <value>
                <![CDATA[chrome]]>
              </value>
            </param>
          </params>
          <reporter-output>
          </reporter-output>
        </test-method> <!-- FutureTest -->
        <test-method status="PASS" signature="LoginTest(java.lang.String)[pri:0, instance:Tests2@4d41cee]" name="LoginTest" duration-ms="20713" started-at="2020-01-20T18:53:40Z" finished-at="2020-01-20T18:54:01Z">
          <params>
            <param index="0">
              <value>
                <![CDATA[chrome]]>
              </value>
            </param>
          </params>
          <reporter-output>
          </reporter-output>
        </test-method> <!-- LoginTest -->
      </class> <!-- Tests2 -->
    </test> <!-- Test2 -->
    <test name="Test3" duration-ms="49308" started-at="2020-01-20T18:54:01Z" finished-at="2020-01-20T18:54:50Z">
      <class name="Tests">
        <test-method status="PASS" signature="BuyingTickets()[pri:0, instance:Tests@646d64ab]" name="BuyingTickets" duration-ms="25543" started-at="2020-01-20T18:54:01Z" finished-at="2020-01-20T18:54:26Z">
          <reporter-output>
          </reporter-output>
        </test-method> <!-- BuyingTickets -->
        <test-method status="PASS" signature="MclarenTest()[pri:0, instance:Tests@646d64ab]" name="MclarenTest" duration-ms="23763" started-at="2020-01-20T18:54:26Z" finished-at="2020-01-20T18:54:50Z">
          <reporter-output>
          </reporter-output>
        </test-method> <!-- MclarenTest -->
      </class> <!-- Tests -->
    </test> <!-- Test3 -->
  </suite> <!-- Tests -->
</testng-results>
